SF:lib\app\di\service_locator.dart
DA:2,1
DA:3,3
DA:5,2
DA:9,1
DA:10,2
DA:13,1
DA:14,3
DA:18,1
DA:19,1
DA:20,3
DA:21,2
DA:24,1
DA:25,2
LF:13
LH:13
end_of_record
SF:lib\app\presentation\utils\capitalize.dart
DA:4,1
DA:5,1
DA:6,5
LF:3
LH:3
end_of_record
SF:lib\app\presentation\dialogs\show_loader.dart
DA:3,2
DA:7,2
DA:8,2
DA:9,4
DA:18,2
DA:21,2
LF:6
LH:6
end_of_record
SF:lib\app\presentation\dialogs\dialogs.dart
DA:3,2
DA:8,2
DA:10,4
DA:12,2
DA:13,2
DA:14,2
DA:15,2
DA:25,0
DA:30,0
DA:32,0
DA:34,0
DA:35,0
DA:36,0
DA:37,0
DA:43,0
DA:44,0
LF:16
LH:7
end_of_record
SF:lib\app\presentation\routes\routes.dart
DA:4,0
LF:1
LH:0
end_of_record
SF:lib\app\presentation\utils\validator.dart
DA:2,2
DA:3,2
DA:5,2
DA:10,2
DA:11,2
DA:18,4
DA:20,6
DA:21,2
DA:24,4
DA:25,2
DA:28,4
DA:29,2
LF:12
LH:12
end_of_record
SF:lib\app\presentation\views\login_view.dart
DA:11,6
DA:13,1
DA:14,1
DA:21,1
DA:23,1
DA:24,1
DA:25,1
DA:26,1
DA:27,0
DA:28,1
DA:31,1
DA:32,1
DA:33,1
DA:34,1
DA:38,1
DA:40,1
DA:41,1
DA:43,2
DA:48,1
DA:49,1
DA:56,1
DA:58,2
DA:63,1
DA:64,1
DA:65,1
DA:68,1
DA:72,1
DA:73,2
DA:88,1
DA:89,3
DA:90,1
DA:92,1
DA:97,1
DA:101,4
DA:102,1
DA:105,1
DA:108,1
LF:37
LH:36
end_of_record
SF:lib\app\my_app.dart
DA:9,6
DA:11,6
DA:13,6
DA:15,6
DA:16,6
DA:17,12
LF:6
LH:6
end_of_record
SF:lib\app\presentation\routes\app_routes.dart
DA:15,6
DA:16,6
DA:17,6
DA:18,1
DA:19,1
DA:20,1
DA:21,1
DA:22,1
DA:23,1
DA:24,1
DA:25,0
DA:26,0
LF:12
LH:10
end_of_record
SF:lib\app\presentation\views\content_not_visible_view.dart
DA:6,6
DA:8,1
DA:10,1
DA:11,1
DA:12,1
DA:13,1
DA:14,1
DA:15,1
DA:16,2
DA:21,1
DA:22,1
DA:23,1
LF:12
LH:12
end_of_record
SF:lib\app\presentation\views\counter_view.dart
DA:6,6
DA:8,1
DA:9,1
DA:15,1
DA:16,2
DA:17,2
DA:21,1
DA:23,1
DA:24,1
DA:25,1
DA:26,1
DA:28,1
DA:29,1
DA:31,1
DA:32,2
DA:33,1
DA:45,1
DA:46,1
DA:47,2
DA:53,2
DA:54,1
DA:56,1
LF:22
LH:22
end_of_record
SF:lib\app\presentation\views\dropdown_view.dart
DA:6,6
DA:8,0
DA:9,0
DA:14,0
DA:16,0
DA:17,0
DA:18,0
DA:19,0
DA:20,0
DA:25,0
DA:26,0
DA:27,0
DA:29,0
DA:33,0
DA:34,0
DA:36,0
DA:45,0
LF:17
LH:1
end_of_record
SF:lib\app\presentation\views\home_view.dart
DA:7,6
DA:9,1
DA:10,1
DA:14,1
DA:16,1
DA:17,1
DA:18,1
DA:19,1
DA:20,0
DA:34,0
DA:35,0
DA:36,0
DA:38,0
DA:41,0
LF:14
LH:8
end_of_record
SF:lib\app\presentation\views\menu_view.dart
DA:6,6
DA:8,6
DA:10,6
DA:11,6
DA:12,12
DA:13,6
DA:14,12
DA:15,6
DA:21,0
DA:27,6
LF:10
LH:9
end_of_record
SF:lib\app\presentation\views\overflow_view.dart
DA:4,6
DA:6,1
DA:8,1
DA:9,1
LF:4
LH:4
end_of_record
SF:lib\app\presentation\views\platform_widgets_view.dart
DA:7,6
DA:9,1
DA:11,1
DA:12,1
DA:13,1
DA:15,1
DA:17,1
DA:18,1
DA:19,1
DA:21,0
DA:24,1
DA:25,2
DA:26,0
LF:13
LH:11
end_of_record
SF:lib\app\presentation\views\slidable_view.dart
DA:7,6
DA:9,1
DA:10,1
DA:16,1
DA:18,1
DA:19,5
DA:22,1
DA:24,1
DA:25,1
DA:26,1
DA:27,1
DA:30,1
DA:31,2
DA:33,1
DA:34,1
DA:35,1
DA:37,1
DA:38,0
DA:40,1
DA:41,1
DA:46,1
DA:47,2
DA:48,1
DA:50,2
DA:57,1
DA:58,1
DA:62,2
DA:67,1
DA:68,2
DA:69,2
LF:30
LH:29
end_of_record
SF:lib\app\presentation\views\tabs_view.dart
DA:4,6
DA:6,0
DA:8,0
DA:10,0
DA:11,0
LF:5
LH:1
end_of_record
SF:lib\app\presentation\utils\platform.dart
DA:3,1
DA:5,2
DA:11,0
DA:13,0
DA:19,0
DA:21,0
DA:27,0
DA:29,0
DA:35,0
DA:37,0
DA:43,1
LF:11
LH:3
end_of_record
